<?xml version="1.0" encoding="UTF-8"?>
<robot generator="Robot 6.0.2 (Python 3.8.3 on win32)" generated="20250110 12:18:51.873" rpa="false" schemaversion="3">
<suite id="s1" name="Registration Suite" source="C:\Users\aamohamed\PycharmProjects\AutomationExercise\Tests\Registration_Suite.robot">
<test id="s1-t1" name="Test Case 1" line="14">
<kw name="Begin Web Test" library="Comman_Keyword" type="SETUP">
<kw name="New Browser" library="Browser">
<arg>chromium</arg>
<arg>headless=false</arg>
<arg>slowMo=0.5</arg>
<tag>BrowserControl</tag>
<tag>Setter</tag>
<doc>Create a new playwright Browser with specified options.</doc>
<msg timestamp="20250110 12:18:53.276" level="INFO">{"browser": "chromium", "headless": false, "devtools": false, "handleSIGHUP": true, "handleSIGINT": true, "handleSIGTERM": true, "slowMo": 500.0, "timeout": 30000.0, "deprecated_pos_args": [], "tracesDir": "C:\\Users\\aamohamed\\PycharmProjects\\AutomationExercise\\Results\\browser\\traces\\a1502ed8-b550-490c-bf4d-e23932051f93"}</msg>
<msg timestamp="20250110 12:18:54.592" level="INFO">Successfully created browser with options: {"browser":"chromium","headless":false,"devtools":false,"handleSIGHUP":true,"handleSIGINT":true,"handleSIGTERM":true,"slowMo":500,"timeout":30000,"deprecated_pos_args":[],"tracesDir":"C:\\Users\\aamohamed\\PycharmProjects\\AutomationExercise\\Results\\browser\\traces\\a1502ed8-b550-490c-bf4d-e23932051f93"}</msg>
<status status="PASS" starttime="20250110 12:18:53.275" endtime="20250110 12:18:54.592"/>
</kw>
<kw name="New Context" library="Browser">
<arg>viewport={'width': 1490, 'height': 800}</arg>
<tag>BrowserControl</tag>
<tag>Setter</tag>
<doc>Create a new BrowserContext with specified options.</doc>
<msg timestamp="20250110 12:18:54.595" level="INFO">{
  "acceptDownloads": true,
  "bypassCSP": false,
  "forcedColors": "none",
  "hideRfBrowser": false,
  "ignoreHTTPSErrors": false,
  "javaScriptEnabled": true,
  "offline": false,
  "reducedMotion": "no-preference",
  "viewport": {
    "width": 1490,
    "height": 800
  },
  "deprecated_pos_args": []
}</msg>
<msg timestamp="20250110 12:18:54.625" level="INFO">Successfully created context. </msg>
<msg timestamp="20250110 12:18:54.625" level="INFO">{'acceptDownloads': True, 'bypassCSP': False, 'forcedColors': 'none', 'hideRfBrowser': False, 'ignoreHTTPSErrors': False, 'javaScriptEnabled': True, 'offline': False, 'reducedMotion': 'no-preference', 'viewport': {'width': 1490, 'height': 800}, 'deprecated_pos_args': []}</msg>
<status status="PASS" starttime="20250110 12:18:54.593" endtime="20250110 12:18:54.625"/>
</kw>
<kw name="Set Browser Timeout" library="Browser">
<arg>70</arg>
<tag>Config</tag>
<tag>Setter</tag>
<doc>Sets the timeout used by most input and getter keywords.</doc>
<msg timestamp="20250110 12:18:54.633" level="INFO">Set timeout to: 70000</msg>
<status status="PASS" starttime="20250110 12:18:54.626" endtime="20250110 12:18:54.633"/>
</kw>
<kw name="New Page" library="Browser">
<arg>${Login_URL}</arg>
<tag>BrowserControl</tag>
<tag>Setter</tag>
<doc>Open a new Page.</doc>
<msg timestamp="20250110 12:18:59.535" level="INFO">Successfully initialized new page object and opened url: https://automationexercise.com/</msg>
<status status="PASS" starttime="20250110 12:18:54.634" endtime="20250110 12:18:59.535"/>
</kw>
<status status="PASS" starttime="20250110 12:18:53.274" endtime="20250110 12:18:59.536"/>
</kw>
<kw name="open page signup" library="LandingPage_Keyword">
<kw name="press link signup/login" library="LandingPage_PO">
<kw name="Wait For Elements State" library="Browser">
<arg>xpath=//a[normalize-space()='Signup / Login']</arg>
<arg>visible</arg>
<arg>4s</arg>
<tag>PageContent</tag>
<tag>Wait</tag>
<doc>Waits for the element found by ``selector`` to satisfy state option.</doc>
<msg timestamp="20250110 12:19:00.246" level="INFO">Waited for Element with selector xpath=//a[normalize-space()='Signup / Login'] at state visible</msg>
<status status="PASS" starttime="20250110 12:18:59.541" endtime="20250110 12:19:00.246"/>
</kw>
<kw name="Click" library="Browser">
<arg>xpath=//a[normalize-space()='Signup / Login']</arg>
<tag>PageContent</tag>
<tag>Setter</tag>
<doc>Simulates mouse click on the element found by ``selector``.</doc>
<status status="PASS" starttime="20250110 12:19:00.247" endtime="20250110 12:19:01.614"/>
</kw>
<status status="PASS" starttime="20250110 12:18:59.539" endtime="20250110 12:19:01.615"/>
</kw>
<status status="PASS" starttime="20250110 12:18:59.538" endtime="20250110 12:19:01.617"/>
</kw>
<kw name="New User Signup" library="LoginPage_Keyword">
<kw name="Create Random First Name" library="Comman_Keyword">
<kw name="Generate Random String" library="String">
<var>${RandomFirst_Name}</var>
<arg>3</arg>
<arg>[NUMBERS]</arg>
<doc>Generates a string with a desired ``length`` from the given ``chars``.</doc>
<msg timestamp="20250110 12:19:01.629" level="INFO">${RandomFirst_Name} = 936</msg>
<status status="PASS" starttime="20250110 12:19:01.625" endtime="20250110 12:19:01.629"/>
</kw>
<kw name="Catenate" library="BuiltIn">
<var>${NewRandomFirst_Name}</var>
<arg>john ${RandomFirst_Name}</arg>
<doc>Catenates the given items together and returns the resulted string.</doc>
<msg timestamp="20250110 12:19:01.633" level="INFO">${NewRandomFirst_Name} = john 936</msg>
<status status="PASS" starttime="20250110 12:19:01.631" endtime="20250110 12:19:01.634"/>
</kw>
<kw name="Set Suite Variable" library="BuiltIn">
<arg>${NewRandomFirst_Name}</arg>
<doc>Makes a variable available everywhere within the scope of the current suite.</doc>
<msg timestamp="20250110 12:19:01.639" level="INFO">${NewRandomFirst_Name} = john 936</msg>
<status status="PASS" starttime="20250110 12:19:01.635" endtime="20250110 12:19:01.639"/>
</kw>
<status status="PASS" starttime="20250110 12:19:01.623" endtime="20250110 12:19:01.640"/>
</kw>
<kw name="Create random Email" library="Comman_Keyword">
<kw name="Generate Random String" library="String">
<var>${randomEmail}</var>
<arg>8</arg>
<arg>[NUMBERS]</arg>
<doc>Generates a string with a desired ``length`` from the given ``chars``.</doc>
<msg timestamp="20250110 12:19:01.648" level="INFO">${randomEmail} = 15594601</msg>
<status status="PASS" starttime="20250110 12:19:01.645" endtime="20250110 12:19:01.649"/>
</kw>
<kw name="Catenate" library="BuiltIn">
<var>${NewRandomEmail}</var>
<arg>New${randomEmail}@SSO.sa</arg>
<doc>Catenates the given items together and returns the resulted string.</doc>
<msg timestamp="20250110 12:19:01.652" level="INFO">${NewRandomEmail} = New15594601@SSO.sa</msg>
<status status="PASS" starttime="20250110 12:19:01.650" endtime="20250110 12:19:01.652"/>
</kw>
<kw name="Set Suite Variable" library="BuiltIn">
<arg>${NewRandomEmail}</arg>
<doc>Makes a variable available everywhere within the scope of the current suite.</doc>
<msg timestamp="20250110 12:19:01.656" level="INFO">${NewRandomEmail} = New15594601@SSO.sa</msg>
<status status="PASS" starttime="20250110 12:19:01.653" endtime="20250110 12:19:01.657"/>
</kw>
<status status="PASS" starttime="20250110 12:19:01.642" endtime="20250110 12:19:01.658"/>
</kw>
<kw name="Enter Name_Login" library="LoginPage_PO">
<arg>${NewRandomFirst_Name}</arg>
<kw name="Wait For Elements State" library="Browser">
<arg>xpath=(//input[@placeholder='Name'])[1]</arg>
<arg>visible</arg>
<arg>3s</arg>
<tag>PageContent</tag>
<tag>Wait</tag>
<doc>Waits for the element found by ``selector`` to satisfy state option.</doc>
<msg timestamp="20250110 12:19:02.391" level="INFO">Waited for Element with selector xpath=(//input[@placeholder='Name'])[1] at state visible</msg>
<status status="PASS" starttime="20250110 12:19:01.664" endtime="20250110 12:19:02.392"/>
</kw>
<kw name="Fill Text" library="Browser">
<arg>xpath=(//input[@placeholder='Name'])[1]</arg>
<arg>${Name}</arg>
<tag>PageContent</tag>
<tag>Setter</tag>
<doc>Clears and fills the given ``txt`` into the text field found by ``selector``.</doc>
<msg timestamp="20250110 12:19:02.393" level="INFO">Fills the text 'john 936' in the given field.</msg>
<status status="PASS" starttime="20250110 12:19:02.392" endtime="20250110 12:19:02.925"/>
</kw>
<status status="PASS" starttime="20250110 12:19:01.659" endtime="20250110 12:19:02.926"/>
</kw>
<kw name="Enter Email_Login" library="LoginPage_PO">
<arg>${NewRandomEmail}</arg>
<kw name="Wait For Elements State" library="Browser">
<arg>xpath=(//input[@data-qa='signup-email'])[1]</arg>
<arg>visible</arg>
<arg>3s</arg>
<tag>PageContent</tag>
<tag>Wait</tag>
<doc>Waits for the element found by ``selector`` to satisfy state option.</doc>
<msg timestamp="20250110 12:19:03.474" level="INFO">Waited for Element with selector xpath=(//input[@data-qa='signup-email'])[1] at state visible</msg>
<status status="PASS" starttime="20250110 12:19:02.928" endtime="20250110 12:19:03.474"/>
</kw>
<kw name="Fill Text" library="Browser">
<arg>xpath=(//input[@data-qa='signup-email'])[1]</arg>
<arg>${Email}</arg>
<tag>PageContent</tag>
<tag>Setter</tag>
<doc>Clears and fills the given ``txt`` into the text field found by ``selector``.</doc>
<msg timestamp="20250110 12:19:03.478" level="INFO">Fills the text 'New15594601@SSO.sa' in the given field.</msg>
<status status="PASS" starttime="20250110 12:19:03.475" endtime="20250110 12:19:04.058"/>
</kw>
<status status="PASS" starttime="20250110 12:19:02.927" endtime="20250110 12:19:04.059"/>
</kw>
<kw name="Press button Signup_Login" library="LoginPage_PO">
<kw name="Wait For Elements State" library="Browser">
<arg>xpath=(//button[normalize-space()='Signup'])[1]</arg>
<arg>visible</arg>
<arg>3s</arg>
<tag>PageContent</tag>
<tag>Wait</tag>
<doc>Waits for the element found by ``selector`` to satisfy state option.</doc>
<msg timestamp="20250110 12:19:04.588" level="INFO">Waited for Element with selector xpath=(//button[normalize-space()='Signup'])[1] at state visible</msg>
<status status="PASS" starttime="20250110 12:19:04.062" endtime="20250110 12:19:04.588"/>
</kw>
<kw name="Click" library="Browser">
<arg>xpath=(//button[normalize-space()='Signup'])[1]</arg>
<tag>PageContent</tag>
<tag>Setter</tag>
<doc>Simulates mouse click on the element found by ``selector``.</doc>
<status status="PASS" starttime="20250110 12:19:04.588" endtime="20250110 12:19:05.426"/>
</kw>
<status status="PASS" starttime="20250110 12:19:04.060" endtime="20250110 12:19:05.427"/>
</kw>
<status status="PASS" starttime="20250110 12:19:01.620" endtime="20250110 12:19:05.427"/>
</kw>
<kw name="Enter Account Information" library="Registration_Keyword">
<kw name="Create Random Day" library="Comman_Keyword">
<kw name="Generate Random String" library="String">
<var>${RandomDay}</var>
<arg>1</arg>
<arg>[NUMBERS]</arg>
<doc>Generates a string with a desired ``length`` from the given ``chars``.</doc>
<msg timestamp="20250110 12:19:05.428" level="INFO">${RandomDay} = 3</msg>
<status status="PASS" starttime="20250110 12:19:05.428" endtime="20250110 12:19:05.428"/>
</kw>
<kw name="Set Suite Variable" library="BuiltIn">
<arg>${RandomDay}</arg>
<doc>Makes a variable available everywhere within the scope of the current suite.</doc>
<msg timestamp="20250110 12:19:05.429" level="INFO">${RandomDay} = 3</msg>
<status status="PASS" starttime="20250110 12:19:05.429" endtime="20250110 12:19:05.429"/>
</kw>
<status status="PASS" starttime="20250110 12:19:05.428" endtime="20250110 12:19:05.429"/>
</kw>
<kw name="Create Random Month" library="Comman_Keyword">
<kw name="Generate Random String" library="String">
<var>${RandomMonth}</var>
<arg>1</arg>
<arg>[NUMBERS]</arg>
<doc>Generates a string with a desired ``length`` from the given ``chars``.</doc>
<msg timestamp="20250110 12:19:05.430" level="INFO">${RandomMonth} = 4</msg>
<status status="PASS" starttime="20250110 12:19:05.430" endtime="20250110 12:19:05.430"/>
</kw>
<kw name="Set Suite Variable" library="BuiltIn">
<arg>${RandomMonth}</arg>
<doc>Makes a variable available everywhere within the scope of the current suite.</doc>
<msg timestamp="20250110 12:19:05.430" level="INFO">${RandomMonth} = 4</msg>
<status status="PASS" starttime="20250110 12:19:05.430" endtime="20250110 12:19:05.430"/>
</kw>
<status status="PASS" starttime="20250110 12:19:05.429" endtime="20250110 12:19:05.431"/>
</kw>
<kw name="Create Random Year" library="Comman_Keyword">
<kw name="Generate Random String" library="String">
<var>${RandomYear}</var>
<arg>2</arg>
<arg>[NUMBERS]</arg>
<doc>Generates a string with a desired ``length`` from the given ``chars``.</doc>
<msg timestamp="20250110 12:19:05.431" level="INFO">${RandomYear} = 89</msg>
<status status="PASS" starttime="20250110 12:19:05.431" endtime="20250110 12:19:05.431"/>
</kw>
<kw name="Set Suite Variable" library="BuiltIn">
<arg>${RandomYear}</arg>
<doc>Makes a variable available everywhere within the scope of the current suite.</doc>
<msg timestamp="20250110 12:19:05.432" level="INFO">${RandomYear} = 89</msg>
<status status="PASS" starttime="20250110 12:19:05.432" endtime="20250110 12:19:05.432"/>
</kw>
<status status="PASS" starttime="20250110 12:19:05.431" endtime="20250110 12:19:05.432"/>
</kw>
<kw name="Enter Title_Registration" library="Registration_PO">
<kw name="Wait For Elements State" library="Browser">
<arg>xpath=(//input[@id='id_gender1'])[1]</arg>
<arg>visible</arg>
<arg>3s</arg>
<tag>PageContent</tag>
<tag>Wait</tag>
<doc>Waits for the element found by ``selector`` to satisfy state option.</doc>
<msg timestamp="20250110 12:19:06.044" level="INFO">Waited for Element with selector xpath=(//input[@id='id_gender1'])[1] at state visible</msg>
<status status="PASS" starttime="20250110 12:19:05.432" endtime="20250110 12:19:06.044"/>
</kw>
<kw name="Click" library="Browser">
<arg>xpath=(//input[@id='id_gender1'])[1]</arg>
<tag>PageContent</tag>
<tag>Setter</tag>
<doc>Simulates mouse click on the element found by ``selector``.</doc>
<status status="PASS" starttime="20250110 12:19:06.044" endtime="20250110 12:19:06.613"/>
</kw>
<status status="PASS" starttime="20250110 12:19:05.432" endtime="20250110 12:19:06.614"/>
</kw>
<kw name="Enter Password_Registration" library="Registration_PO">
<arg>P@ssw0rd1234</arg>
<kw name="Wait For Elements State" library="Browser">
<arg>xpath=(//input[@id='password'])[1]</arg>
<arg>visible</arg>
<arg>3s</arg>
<tag>PageContent</tag>
<tag>Wait</tag>
<doc>Waits for the element found by ``selector`` to satisfy state option.</doc>
<msg timestamp="20250110 12:19:07.134" level="INFO">Waited for Element with selector xpath=(//input[@id='password'])[1] at state visible</msg>
<status status="PASS" starttime="20250110 12:19:06.615" endtime="20250110 12:19:07.134"/>
</kw>
<kw name="Fill Text" library="Browser">
<arg>xpath=(//input[@id='password'])[1]</arg>
<arg>${Passw0rd}</arg>
<tag>PageContent</tag>
<tag>Setter</tag>
<doc>Clears and fills the given ``txt`` into the text field found by ``selector``.</doc>
<msg timestamp="20250110 12:19:07.135" level="INFO">Fills the text 'P@ssw0rd1234' in the given field.</msg>
<status status="PASS" starttime="20250110 12:19:07.134" endtime="20250110 12:19:07.672"/>
</kw>
<status status="PASS" starttime="20250110 12:19:06.614" endtime="20250110 12:19:07.672"/>
</kw>
<kw name="Enter Birth Date day" library="Registration_PO">
<arg>${RandomDay}</arg>
<kw name="Wait For Elements State" library="Browser">
<arg>xpath=(//select[@id='days'])[1]</arg>
<arg>visible</arg>
<arg>3s</arg>
<tag>PageContent</tag>
<tag>Wait</tag>
<doc>Waits for the element found by ``selector`` to satisfy state option.</doc>
<msg timestamp="20250110 12:19:08.192" level="INFO">Waited for Element with selector xpath=(//select[@id='days'])[1] at state visible</msg>
<status status="PASS" starttime="20250110 12:19:07.673" endtime="20250110 12:19:08.192"/>
</kw>
<kw name="Select Options By" library="Browser">
<arg>xpath=(//select[@id='days'])[1]</arg>
<arg>index</arg>
<arg>${Day}</arg>
<tag>PageContent</tag>
<tag>Setter</tag>
<doc>Selects options from select element found by ``selector``.</doc>
<status status="PASS" starttime="20250110 12:19:08.192" endtime="20250110 12:19:09.769"/>
</kw>
<status status="PASS" starttime="20250110 12:19:07.672" endtime="20250110 12:19:09.770"/>
</kw>
<kw name="Enter Birth Date Month" library="Registration_PO">
<arg>${RandomMonth}</arg>
<kw name="Wait For Elements State" library="Browser">
<arg>xpath=(//select[@id='months'])[1]</arg>
<arg>visible</arg>
<arg>3s</arg>
<tag>PageContent</tag>
<tag>Wait</tag>
<doc>Waits for the element found by ``selector`` to satisfy state option.</doc>
<msg timestamp="20250110 12:19:10.304" level="INFO">Waited for Element with selector xpath=(//select[@id='months'])[1] at state visible</msg>
<status status="PASS" starttime="20250110 12:19:09.773" endtime="20250110 12:19:10.305"/>
</kw>
<kw name="Select Options By" library="Browser">
<arg>xpath=(//select[@id='months'])[1]</arg>
<arg>index</arg>
<arg>${Month}</arg>
<tag>PageContent</tag>
<tag>Setter</tag>
<doc>Selects options from select element found by ``selector``.</doc>
<status status="PASS" starttime="20250110 12:19:10.306" endtime="20250110 12:19:11.917"/>
</kw>
<status status="PASS" starttime="20250110 12:19:09.771" endtime="20250110 12:19:11.918"/>
</kw>
<kw name="Enter Birth Date Year" library="Registration_PO">
<arg>${RandomYear}</arg>
<kw name="Wait For Elements State" library="Browser">
<arg>xpath=(//select[@id='years'])[1]</arg>
<arg>visible</arg>
<arg>3s</arg>
<tag>PageContent</tag>
<tag>Wait</tag>
<doc>Waits for the element found by ``selector`` to satisfy state option.</doc>
<msg timestamp="20250110 12:19:12.467" level="INFO">Waited for Element with selector xpath=(//select[@id='years'])[1] at state visible</msg>
<status status="PASS" starttime="20250110 12:19:11.920" endtime="20250110 12:19:12.468"/>
</kw>
<kw name="Select Options By" library="Browser">
<arg>xpath=(//select[@id='years'])[1]</arg>
<arg>index</arg>
<arg>${Year}</arg>
<tag>PageContent</tag>
<tag>Setter</tag>
<doc>Selects options from select element found by ``selector``.</doc>
<status status="PASS" starttime="20250110 12:19:12.469" endtime="20250110 12:19:14.120"/>
</kw>
<status status="PASS" starttime="20250110 12:19:11.919" endtime="20250110 12:19:14.121"/>
</kw>
<kw name="Press Check Box Sign up for our newsletter!" library="Registration_PO">
<kw name="Wait For Elements State" library="Browser">
<arg>xpath=(//input[@id='newsletter'])[1]</arg>
<arg>visible</arg>
<arg>3s</arg>
<tag>PageContent</tag>
<tag>Wait</tag>
<doc>Waits for the element found by ``selector`` to satisfy state option.</doc>
<msg timestamp="20250110 12:19:14.662" level="INFO">Waited for Element with selector xpath=(//input[@id='newsletter'])[1] at state visible</msg>
<status status="PASS" starttime="20250110 12:19:14.123" endtime="20250110 12:19:14.662"/>
</kw>
<kw name="Click" library="Browser">
<arg>xpath=(//input[@id='newsletter'])[1]</arg>
<tag>PageContent</tag>
<tag>Setter</tag>
<doc>Simulates mouse click on the element found by ``selector``.</doc>
<status status="PASS" starttime="20250110 12:19:14.663" endtime="20250110 12:19:15.277"/>
</kw>
<status status="PASS" starttime="20250110 12:19:14.122" endtime="20250110 12:19:15.278"/>
</kw>
<kw name="Press Check Box Receive special offers from our partners!" library="Registration_PO">
<kw name="Wait For Elements State" library="Browser">
<arg>xpath=(//input[@id='optin'])[1]</arg>
<arg>visible</arg>
<arg>3s</arg>
<tag>PageContent</tag>
<tag>Wait</tag>
<doc>Waits for the element found by ``selector`` to satisfy state option.</doc>
<msg timestamp="20250110 12:19:15.823" level="INFO">Waited for Element with selector xpath=(//input[@id='optin'])[1] at state visible</msg>
<status status="PASS" starttime="20250110 12:19:15.280" endtime="20250110 12:19:15.823"/>
</kw>
<kw name="Click" library="Browser">
<arg>xpath=(//input[@id='optin'])[1]</arg>
<tag>PageContent</tag>
<tag>Setter</tag>
<doc>Simulates mouse click on the element found by ``selector``.</doc>
<status status="PASS" starttime="20250110 12:19:15.824" endtime="20250110 12:19:16.455"/>
</kw>
<status status="PASS" starttime="20250110 12:19:15.279" endtime="20250110 12:19:16.455"/>
</kw>
<status status="PASS" starttime="20250110 12:19:05.427" endtime="20250110 12:19:16.456"/>
</kw>
<kw name="Enter Address Information" library="Registration_Keyword">
<kw name="Create Random Last Name" library="Comman_Keyword">
<kw name="Generate Random String" library="String">
<var>${RandomLast_Name}</var>
<arg>3</arg>
<arg>[NUMBERS]</arg>
<doc>Generates a string with a desired ``length`` from the given ``chars``.</doc>
<msg timestamp="20250110 12:19:16.463" level="INFO">${RandomLast_Name} = 340</msg>
<status status="PASS" starttime="20250110 12:19:16.462" endtime="20250110 12:19:16.463"/>
</kw>
<kw name="Catenate" library="BuiltIn">
<var>${NewRandomLast_Name}</var>
<arg>wick ${RandomLast_Name}</arg>
<doc>Catenates the given items together and returns the resulted string.</doc>
<msg timestamp="20250110 12:19:16.465" level="INFO">${NewRandomLast_Name} = wick 340</msg>
<status status="PASS" starttime="20250110 12:19:16.464" endtime="20250110 12:19:16.465"/>
</kw>
<kw name="Set Suite Variable" library="BuiltIn">
<arg>${NewRandomLast_Name}</arg>
<doc>Makes a variable available everywhere within the scope of the current suite.</doc>
<msg timestamp="20250110 12:19:16.467" level="INFO">${NewRandomLast_Name} = wick 340</msg>
<status status="PASS" starttime="20250110 12:19:16.465" endtime="20250110 12:19:16.467"/>
</kw>
<status status="PASS" starttime="20250110 12:19:16.460" endtime="20250110 12:19:16.468"/>
</kw>
<kw name="Create random Company Name" library="Comman_Keyword">
<kw name="Generate Random String" library="String">
<var>${RandomCompanyName}</var>
<arg>3</arg>
<arg>[NUMBERS]</arg>
<doc>Generates a string with a desired ``length`` from the given ``chars``.</doc>
<msg timestamp="20250110 12:19:16.471" level="INFO">${RandomCompanyName} = 734</msg>
<status status="PASS" starttime="20250110 12:19:16.470" endtime="20250110 12:19:16.471"/>
</kw>
<kw name="Set Suite Variable" library="BuiltIn">
<arg>${RandomCompanyName}</arg>
<doc>Makes a variable available everywhere within the scope of the current suite.</doc>
<msg timestamp="20250110 12:19:16.473" level="INFO">${RandomCompanyName} = 734</msg>
<status status="PASS" starttime="20250110 12:19:16.472" endtime="20250110 12:19:16.473"/>
</kw>
<status status="PASS" starttime="20250110 12:19:16.468" endtime="20250110 12:19:16.474"/>
</kw>
<kw name="Create random Edit phone number" library="Comman_Keyword">
<kw name="Generate Random String" library="String">
<var>${randomPhoneNumber}</var>
<arg>8</arg>
<arg>[NUMBERS]</arg>
<doc>Generates a string with a desired ``length`` from the given ``chars``.</doc>
<msg timestamp="20250110 12:19:16.477" level="INFO">${randomPhoneNumber} = 56364489</msg>
<status status="PASS" starttime="20250110 12:19:16.476" endtime="20250110 12:19:16.477"/>
</kw>
<kw name="Catenate" library="BuiltIn">
<var>${Editphone_number}</var>
<arg>010${randomPhoneNumber}</arg>
<doc>Catenates the given items together and returns the resulted string.</doc>
<msg timestamp="20250110 12:19:16.478" level="INFO">${Editphone_number} = 01056364489</msg>
<status status="PASS" starttime="20250110 12:19:16.478" endtime="20250110 12:19:16.479"/>
</kw>
<kw name="Set Suite Variable" library="BuiltIn">
<arg>${Editphone_number}</arg>
<doc>Makes a variable available everywhere within the scope of the current suite.</doc>
<msg timestamp="20250110 12:19:16.480" level="INFO">${Editphone_number} = 01056364489</msg>
<status status="PASS" starttime="20250110 12:19:16.479" endtime="20250110 12:19:16.480"/>
</kw>
<status status="PASS" starttime="20250110 12:19:16.474" endtime="20250110 12:19:16.481"/>
</kw>
<kw name="Enter First Name_Registration" library="Registration_PO">
<arg>${NewRandomFirst_Name}</arg>
<kw name="Wait For Elements State" library="Browser">
<arg>xpath=(//input[@id='first_name'])[1]</arg>
<arg>visible</arg>
<arg>3s</arg>
<tag>PageContent</tag>
<tag>Wait</tag>
<doc>Waits for the element found by ``selector`` to satisfy state option.</doc>
<msg timestamp="20250110 12:19:17.017" level="INFO">Waited for Element with selector xpath=(//input[@id='first_name'])[1] at state visible</msg>
<status status="PASS" starttime="20250110 12:19:16.483" endtime="20250110 12:19:17.017"/>
</kw>
<kw name="Fill Text" library="Browser">
<arg>xpath=(//input[@id='first_name'])[1]</arg>
<arg>${First_Name}</arg>
<tag>PageContent</tag>
<tag>Setter</tag>
<doc>Clears and fills the given ``txt`` into the text field found by ``selector``.</doc>
<msg timestamp="20250110 12:19:17.020" level="INFO">Fills the text 'john 936' in the given field.</msg>
<status status="PASS" starttime="20250110 12:19:17.018" endtime="20250110 12:19:17.633"/>
</kw>
<status status="PASS" starttime="20250110 12:19:16.482" endtime="20250110 12:19:17.634"/>
</kw>
<kw name="Enter Last Name_Registration" library="Registration_PO">
<arg>${NewRandomLast_Name}</arg>
<kw name="Wait For Elements State" library="Browser">
<arg>xpath=(//input[@id='last_name'])[1]</arg>
<arg>visible</arg>
<arg>3s</arg>
<tag>PageContent</tag>
<tag>Wait</tag>
<doc>Waits for the element found by ``selector`` to satisfy state option.</doc>
<msg timestamp="20250110 12:19:18.179" level="INFO">Waited for Element with selector xpath=(//input[@id='last_name'])[1] at state visible</msg>
<status status="PASS" starttime="20250110 12:19:17.636" endtime="20250110 12:19:18.179"/>
</kw>
<kw name="Fill Text" library="Browser">
<arg>xpath=(//input[@id='last_name'])[1]</arg>
<arg>${Last_Name}</arg>
<tag>PageContent</tag>
<tag>Setter</tag>
<doc>Clears and fills the given ``txt`` into the text field found by ``selector``.</doc>
<msg timestamp="20250110 12:19:18.181" level="INFO">Fills the text 'wick 340' in the given field.</msg>
<status status="PASS" starttime="20250110 12:19:18.180" endtime="20250110 12:19:18.810"/>
</kw>
<status status="PASS" starttime="20250110 12:19:17.635" endtime="20250110 12:19:18.811"/>
</kw>
<kw name="Enter Company Name_Registration" library="Registration_PO">
<arg>${RandomCompanyName}</arg>
<kw name="Wait For Elements State" library="Browser">
<arg>xpath=(//input[@id='company'])[1]</arg>
<arg>visible</arg>
<arg>3s</arg>
<tag>PageContent</tag>
<tag>Wait</tag>
<doc>Waits for the element found by ``selector`` to satisfy state option.</doc>
<msg timestamp="20250110 12:19:19.361" level="INFO">Waited for Element with selector xpath=(//input[@id='company'])[1] at state visible</msg>
<status status="PASS" starttime="20250110 12:19:18.814" endtime="20250110 12:19:19.361"/>
</kw>
<kw name="Fill Text" library="Browser">
<arg>xpath=(//input[@id='company'])[1]</arg>
<arg>${company}</arg>
<tag>PageContent</tag>
<tag>Setter</tag>
<doc>Clears and fills the given ``txt`` into the text field found by ``selector``.</doc>
<msg timestamp="20250110 12:19:19.364" level="INFO">Fills the text '734' in the given field.</msg>
<status status="PASS" starttime="20250110 12:19:19.362" endtime="20250110 12:19:19.987"/>
</kw>
<status status="PASS" starttime="20250110 12:19:18.812" endtime="20250110 12:19:19.988"/>
</kw>
<kw name="Enter address 1_Registration" library="Registration_PO">
<arg>20 Cooper Square</arg>
<kw name="Wait For Elements State" library="Browser">
<arg>xpath=(//input[@id='address1'])[1]</arg>
<arg>visible</arg>
<arg>3s</arg>
<tag>PageContent</tag>
<tag>Wait</tag>
<doc>Waits for the element found by ``selector`` to satisfy state option.</doc>
<msg timestamp="20250110 12:19:20.531" level="INFO">Waited for Element with selector xpath=(//input[@id='address1'])[1] at state visible</msg>
<status status="PASS" starttime="20250110 12:19:19.993" endtime="20250110 12:19:20.531"/>
</kw>
<kw name="Fill Text" library="Browser">
<arg>xpath=(//input[@id='address1'])[1]</arg>
<arg>${Address1}</arg>
<tag>PageContent</tag>
<tag>Setter</tag>
<doc>Clears and fills the given ``txt`` into the text field found by ``selector``.</doc>
<msg timestamp="20250110 12:19:20.533" level="INFO">Fills the text '20 Cooper Square' in the given field.</msg>
<status status="PASS" starttime="20250110 12:19:20.532" endtime="20250110 12:19:21.141"/>
</kw>
<status status="PASS" starttime="20250110 12:19:19.990" endtime="20250110 12:19:21.142"/>
</kw>
<kw name="Enter Address 2_Registration" library="Registration_PO">
<arg>721 Broadway</arg>
<kw name="Wait For Elements State" library="Browser">
<arg>xpath=(//input[@id='address2'])[1]</arg>
<arg>visible</arg>
<arg>3s</arg>
<tag>PageContent</tag>
<tag>Wait</tag>
<doc>Waits for the element found by ``selector`` to satisfy state option.</doc>
<msg timestamp="20250110 12:19:21.687" level="INFO">Waited for Element with selector xpath=(//input[@id='address2'])[1] at state visible</msg>
<status status="PASS" starttime="20250110 12:19:21.145" endtime="20250110 12:19:21.687"/>
</kw>
<kw name="Fill Text" library="Browser">
<arg>xpath=(//input[@id='address2'])[1]</arg>
<arg>${Address2}</arg>
<tag>PageContent</tag>
<tag>Setter</tag>
<doc>Clears and fills the given ``txt`` into the text field found by ``selector``.</doc>
<msg timestamp="20250110 12:19:21.691" level="INFO">Fills the text '721 Broadway' in the given field.</msg>
<status status="PASS" starttime="20250110 12:19:21.689" endtime="20250110 12:19:22.302"/>
</kw>
<status status="PASS" starttime="20250110 12:19:21.143" endtime="20250110 12:19:22.303"/>
</kw>
<kw name="Choose Country_Registration" library="Registration_PO">
<kw name="Wait For Elements State" library="Browser">
<arg>xpath=(//select[@id='country'])[1]</arg>
<arg>visible</arg>
<arg>3s</arg>
<tag>PageContent</tag>
<tag>Wait</tag>
<doc>Waits for the element found by ``selector`` to satisfy state option.</doc>
<msg timestamp="20250110 12:19:22.852" level="INFO">Waited for Element with selector xpath=(//select[@id='country'])[1] at state visible</msg>
<status status="PASS" starttime="20250110 12:19:22.307" endtime="20250110 12:19:22.852"/>
</kw>
<kw name="Select Options By" library="Browser">
<arg>xpath=(//select[@id='country'])[1]</arg>
<arg>index</arg>
<arg>1</arg>
<tag>PageContent</tag>
<tag>Setter</tag>
<doc>Selects options from select element found by ``selector``.</doc>
<status status="PASS" starttime="20250110 12:19:22.853" endtime="20250110 12:19:24.468"/>
</kw>
<status status="PASS" starttime="20250110 12:19:22.304" endtime="20250110 12:19:24.469"/>
</kw>
<kw name="Enter State_Registration" library="Registration_PO">
<arg>Florida</arg>
<kw name="Wait For Elements State" library="Browser">
<arg>xpath=(//input[@id='state'])[1]</arg>
<arg>visible</arg>
<arg>3s</arg>
<tag>PageContent</tag>
<tag>Wait</tag>
<doc>Waits for the element found by ``selector`` to satisfy state option.</doc>
<msg timestamp="20250110 12:19:25.018" level="INFO">Waited for Element with selector xpath=(//input[@id='state'])[1] at state visible</msg>
<status status="PASS" starttime="20250110 12:19:24.474" endtime="20250110 12:19:25.018"/>
</kw>
<kw name="Fill Text" library="Browser">
<arg>xpath=(//input[@id='state'])[1]</arg>
<arg>${State}</arg>
<tag>PageContent</tag>
<tag>Setter</tag>
<doc>Clears and fills the given ``txt`` into the text field found by ``selector``.</doc>
<msg timestamp="20250110 12:19:25.020" level="INFO">Fills the text 'Florida' in the given field.</msg>
<status status="PASS" starttime="20250110 12:19:25.019" endtime="20250110 12:19:25.664"/>
</kw>
<status status="PASS" starttime="20250110 12:19:24.470" endtime="20250110 12:19:25.665"/>
</kw>
<kw name="Enter City_Registration" library="Registration_PO">
<arg>Cocoa Beach</arg>
<kw name="Wait For Elements State" library="Browser">
<arg>xpath=(//input[@id='city'])[1]</arg>
<arg>visible</arg>
<arg>3s</arg>
<tag>PageContent</tag>
<tag>Wait</tag>
<doc>Waits for the element found by ``selector`` to satisfy state option.</doc>
<msg timestamp="20250110 12:19:26.221" level="INFO">Waited for Element with selector xpath=(//input[@id='city'])[1] at state visible</msg>
<status status="PASS" starttime="20250110 12:19:25.667" endtime="20250110 12:19:26.223"/>
</kw>
<kw name="Fill Text" library="Browser">
<arg>xpath=(//input[@id='city'])[1]</arg>
<arg>${City}</arg>
<tag>PageContent</tag>
<tag>Setter</tag>
<doc>Clears and fills the given ``txt`` into the text field found by ``selector``.</doc>
<msg timestamp="20250110 12:19:26.225" level="INFO">Fills the text 'Cocoa Beach' in the given field.</msg>
<status status="PASS" starttime="20250110 12:19:26.224" endtime="20250110 12:19:26.781"/>
</kw>
<status status="PASS" starttime="20250110 12:19:25.666" endtime="20250110 12:19:26.782"/>
</kw>
<kw name="Enter zipcode_Registration" library="Registration_PO">
<arg>32003</arg>
<kw name="Wait For Elements State" library="Browser">
<arg>xpath=(//input[@id='zipcode'])[1]</arg>
<arg>visible</arg>
<arg>3s</arg>
<tag>PageContent</tag>
<tag>Wait</tag>
<doc>Waits for the element found by ``selector`` to satisfy state option.</doc>
<msg timestamp="20250110 12:19:27.337" level="INFO">Waited for Element with selector xpath=(//input[@id='zipcode'])[1] at state visible</msg>
<status status="PASS" starttime="20250110 12:19:26.784" endtime="20250110 12:19:27.338"/>
</kw>
<kw name="Fill Text" library="Browser">
<arg>xpath=(//input[@id='zipcode'])[1]</arg>
<arg>${Zipcode}</arg>
<tag>PageContent</tag>
<tag>Setter</tag>
<doc>Clears and fills the given ``txt`` into the text field found by ``selector``.</doc>
<msg timestamp="20250110 12:19:27.342" level="INFO">Fills the text '32003' in the given field.</msg>
<status status="PASS" starttime="20250110 12:19:27.340" endtime="20250110 12:19:27.909"/>
</kw>
<status status="PASS" starttime="20250110 12:19:26.783" endtime="20250110 12:19:27.910"/>
</kw>
<kw name="Enter Mobile Number_Registration" library="Registration_PO">
<arg>${Editphone_number}</arg>
<kw name="Wait For Elements State" library="Browser">
<arg>xpath=(//input[@id='mobile_number'])[1]</arg>
<arg>visible</arg>
<arg>3s</arg>
<tag>PageContent</tag>
<tag>Wait</tag>
<doc>Waits for the element found by ``selector`` to satisfy state option.</doc>
<msg timestamp="20250110 12:19:28.460" level="INFO">Waited for Element with selector xpath=(//input[@id='mobile_number'])[1] at state visible</msg>
<status status="PASS" starttime="20250110 12:19:27.912" endtime="20250110 12:19:28.460"/>
</kw>
<kw name="Fill Text" library="Browser">
<arg>xpath=(//input[@id='mobile_number'])[1]</arg>
<arg>${mobile_number}</arg>
<tag>PageContent</tag>
<tag>Setter</tag>
<doc>Clears and fills the given ``txt`` into the text field found by ``selector``.</doc>
<msg timestamp="20250110 12:19:28.463" level="INFO">Fills the text '01056364489' in the given field.</msg>
<status status="PASS" starttime="20250110 12:19:28.461" endtime="20250110 12:19:29.094"/>
</kw>
<status status="PASS" starttime="20250110 12:19:27.910" endtime="20250110 12:19:29.096"/>
</kw>
<kw name="Press Button Create Account" library="Registration_PO">
<kw name="Wait For Elements State" library="Browser">
<arg>xpath=(//button[normalize-space()='Create Account'])[1]</arg>
<arg>visible</arg>
<arg>3s</arg>
<tag>PageContent</tag>
<tag>Wait</tag>
<doc>Waits for the element found by ``selector`` to satisfy state option.</doc>
<msg timestamp="20250110 12:19:29.646" level="INFO">Waited for Element with selector xpath=(//button[normalize-space()='Create Account'])[1] at state visible</msg>
<status status="PASS" starttime="20250110 12:19:29.099" endtime="20250110 12:19:29.646"/>
</kw>
<kw name="Click" library="Browser">
<arg>xpath=(//button[normalize-space()='Create Account'])[1]</arg>
<tag>PageContent</tag>
<tag>Setter</tag>
<doc>Simulates mouse click on the element found by ``selector``.</doc>
<status status="PASS" starttime="20250110 12:19:29.647" endtime="20250110 12:19:31.616"/>
</kw>
<status status="PASS" starttime="20250110 12:19:29.097" endtime="20250110 12:19:31.617"/>
</kw>
<status status="PASS" starttime="20250110 12:19:16.459" endtime="20250110 12:19:31.618"/>
</kw>
<kw name="Assert Account create and log out" library="Registration_Keyword">
<kw name="check message create account display" library="Registration_PO">
<kw name="Wait For Elements State" library="Browser">
<arg>xpath=(//b[normalize-space()='Account Created!'])[1]</arg>
<arg>visible</arg>
<arg>3s</arg>
<tag>PageContent</tag>
<tag>Wait</tag>
<doc>Waits for the element found by ``selector`` to satisfy state option.</doc>
<msg timestamp="20250110 12:19:32.238" level="INFO">Waited for Element with selector xpath=(//b[normalize-space()='Account Created!'])[1] at state visible</msg>
<status status="PASS" starttime="20250110 12:19:31.626" endtime="20250110 12:19:32.239"/>
</kw>
<status status="PASS" starttime="20250110 12:19:31.624" endtime="20250110 12:19:32.240"/>
</kw>
<kw name="press button continue" library="Registration_PO">
<kw name="Wait For Elements State" library="Browser">
<arg>xpath=(//a[normalize-space()='Continue'])[1]</arg>
<arg>visible</arg>
<arg>3s</arg>
<tag>PageContent</tag>
<tag>Wait</tag>
<doc>Waits for the element found by ``selector`` to satisfy state option.</doc>
<msg timestamp="20250110 12:19:32.860" level="INFO">Waited for Element with selector xpath=(//a[normalize-space()='Continue'])[1] at state visible</msg>
<status status="PASS" starttime="20250110 12:19:32.244" endtime="20250110 12:19:32.861"/>
</kw>
<kw name="Click" library="Browser">
<arg>xpath=(//a[normalize-space()='Continue'])[1]</arg>
<tag>PageContent</tag>
<tag>Setter</tag>
<doc>Simulates mouse click on the element found by ``selector``.</doc>
<status status="PASS" starttime="20250110 12:19:32.862" endtime="20250110 12:19:33.936"/>
</kw>
<status status="PASS" starttime="20250110 12:19:32.241" endtime="20250110 12:19:33.937"/>
</kw>
<kw name="press button logout" library="Registration_PO">
<kw name="Wait For Elements State" library="Browser">
<arg>xpath=(//a[normalize-space()='Logout'])[1]</arg>
<arg>visible</arg>
<arg>3s</arg>
<tag>PageContent</tag>
<tag>Wait</tag>
<doc>Waits for the element found by ``selector`` to satisfy state option.</doc>
<msg timestamp="20250110 12:19:34.903" level="INFO">Waited for Element with selector xpath=(//a[normalize-space()='Logout'])[1] at state visible</msg>
<status status="PASS" starttime="20250110 12:19:33.941" endtime="20250110 12:19:34.904"/>
</kw>
<kw name="Click" library="Browser">
<arg>xpath=(//a[normalize-space()='Logout'])[1]</arg>
<tag>PageContent</tag>
<tag>Setter</tag>
<doc>Simulates mouse click on the element found by ``selector``.</doc>
<status status="PASS" starttime="20250110 12:19:34.906" endtime="20250110 12:19:36.134"/>
</kw>
<kw name="Wait For Elements State" library="Browser">
<arg>xpath=(//h2[normalize-space()='Login to your account'])[1]</arg>
<arg>visible</arg>
<arg>3s</arg>
<tag>PageContent</tag>
<tag>Wait</tag>
<doc>Waits for the element found by ``selector`` to satisfy state option.</doc>
<msg timestamp="20250110 12:19:36.705" level="INFO">Waited for Element with selector xpath=(//h2[normalize-space()='Login to your account'])[1] at state visible</msg>
<status status="PASS" starttime="20250110 12:19:36.136" endtime="20250110 12:19:36.705"/>
</kw>
<status status="PASS" starttime="20250110 12:19:33.939" endtime="20250110 12:19:36.707"/>
</kw>
<status status="PASS" starttime="20250110 12:19:31.622" endtime="20250110 12:19:36.708"/>
</kw>
<kw name="End web Test" library="Comman_Keyword" type="TEARDOWN">
<kw name="Close Browser" library="Browser">
<tag>BrowserControl</tag>
<tag>Setter</tag>
<doc>Closes the current browser.</doc>
<msg timestamp="20250110 12:19:37.180" level="INFO">Closed browser</msg>
<status status="PASS" starttime="20250110 12:19:36.714" endtime="20250110 12:19:37.180"/>
</kw>
<status status="PASS" starttime="20250110 12:19:36.712" endtime="20250110 12:19:37.181"/>
</kw>
<doc>Register with new user</doc>
<tag>P1</tag>
<tag>Regression</tag>
<status status="PASS" starttime="20250110 12:18:53.267" endtime="20250110 12:19:37.181"/>
</test>
<status status="PASS" starttime="20250110 12:18:51.876" endtime="20250110 12:19:37.190"/>
</suite>
<statistics>
<total>
<stat pass="1" fail="0" skip="0">All Tests</stat>
</total>
<tag>
<stat pass="1" fail="0" skip="0">P1</stat>
<stat pass="1" fail="0" skip="0">Regression</stat>
</tag>
<suite>
<stat pass="1" fail="0" skip="0" id="s1" name="Registration Suite">Registration Suite</stat>
</suite>
</statistics>
<errors>
</errors>
</robot>
